<?xml version="1.0" encoding="UTF-8"?>
<!-- Generated by org.testng.reporters.JUnitReportReporter -->
<testsuite skipped="0" hostname="admin-PC" name="com.Xyphias.Schneider.MyPageObjectModelHybridproject.LoginPageNewHereTest" tests="3" failures="0" timestamp="16 Aug 2019 06:54:32 GMT" time="26.490" errors="0">
  <testcase name="VerifyLoginPageNewHereTitleTest" time="0.130" classname="com.Xyphias.Schneider.MyPageObjectModelHybridproject.LoginPageNewHereTest"/>
  <testcase name="VerifyLoginPageNewHereLogoTest" time="0.264" classname="com.Xyphias.Schneider.MyPageObjectModelHybridproject.LoginPageNewHereTest"/>
  <testcase name="VerifyLoginPageNewHereToHomePageNewHereTest" time="26.096" classname="com.Xyphias.Schneider.MyPageObjectModelHybridproject.LoginPageNewHereTest"/>
</testsuite> <!-- com.Xyphias.Schneider.MyPageObjectModelHybridproject.LoginPageNewHereTest -->
