<?xml version="1.0" encoding="UTF-8"?>
<!-- Generated by org.testng.reporters.JUnitReportReporter -->
<testsuite skipped="0" hostname="admin-PC" name="com.Xyphias.Schneider.MyPageObjectModelHybridproject.HomePageNewHereTest" tests="4" failures="0" timestamp="16 Aug 2019 08:58:58 GMT" time="29.542" errors="0">
  <testcase name="VerifyHomePageNewTitleTest" time="0.094" classname="com.Xyphias.Schneider.MyPageObjectModelHybridproject.HomePageNewHereTest"/>
  <testcase name="VerifyHomePageNewHereUserLabelTest" time="0.300" classname="com.Xyphias.Schneider.MyPageObjectModelHybridproject.HomePageNewHereTest"/>
  <testcase name="HomePageToContactsPageTest" time="18.645" classname="com.Xyphias.Schneider.MyPageObjectModelHybridproject.HomePageNewHereTest"/>
  <testcase name="NewContactsLinkTest" time="10.503" classname="com.Xyphias.Schneider.MyPageObjectModelHybridproject.HomePageNewHereTest"/>
</testsuite> <!-- com.Xyphias.Schneider.MyPageObjectModelHybridproject.HomePageNewHereTest -->
